TMS320C54x Assembler PC v4.2.0 Fri Aug 10 17:04:37 2012

Tools Copyright (c) 1996-2008 Texas Instruments Incorporated
log_10.abs                                                           PAGE    1

      69 000000                 .text
      70                        .copy       "log_10.asm"
 A     1              ;***********************************************************
 A     2              ; Version 2.20.01                                           
 A     3              ;***********************************************************
 A     4              ;*********************************************************************************
 A     5              ;  Function:    log_10
 A     6              ;  Description: Calculate log of 16-bit Q15 number
 A     7              ;
 A     8              ;  Copyright Texas instruments Inc, 1998
 A     9              ;--------------------------------------------------------------------------------
 A    10              ; Revision History:
 A    11              ;  1.00, A. Aboagye, 8/31/98 - Original release. Started from code by P. Dorster
 A    12              ;  1.10, A. Aboagye, 10/6/99 - Fixed far mode bug - replaced *SP(17) with *SP(17+offset)
 A    13              ;  1.20, A. Aboagye, 04/27/00 - Fixed "SXM not set" bug
 A    14              ;********************************************************************************
 A    15              
 A    16                      .asg    *sp(0), x_ptr
 A    17                      .asg    *sp(1), Exp
 A    18                      .asg    *sp(2), Mant
 A    19                      .asg    *sp(3), U
 A    20                      .asg    *sp(4), Temp
 A    21                      .asg    *sp(5), CST_4000
 A    22                      .asg    *sp(6), LB6
 A    23                      .asg    *sp(7), LB5
 A    24                      .asg    *sp(8), LB4
 A    25                      .asg    *sp(9), LB3
 A    26                      .asg    *sp(10), LB2
 A    27                      .asg    *sp(11), LB1
 A    28                      .asg    *sp(12), LB0
 A    29                      .asg    *sp(13), CST_1
 A    30                      .asg    *sp(14), CST_ln2
 A    31                              ; 15 = ST1, 16 = ST0, 17 = function return pointer
 A    32                      .asg    *sp(18), y_ptr
 A    33                              ; nx (array size) at *sp(19+offset)
 A    34              
 A    35                      .mmregs         ; assign Memory-Mapped Register names as global symbols
 A    36                      .def            _log_10
 A    37              
 A    38              ;       .text           ; begin assembling into .text section
 A    39 001a26               .sect   ".log10_p"
 A    40                      
 A    41 001a26       _log_10:
 A    42 001a26 4A06          PSHM    ST0                                 ; 1 cycle
 A    43 001a27 4A07          PSHM    ST1                                 ; 1 cycle
 A    44 001a28 F7BE          ssbx    CPL
 A    45 001a29 F4BA          RSBX    OVA                                 ; 1 cycle
 A    46 001a2a F4B9          RSBX    OVB                                 ; 1 cycle
 A    47              
 A    48 001a2b EEF1          FRAME   #-15
 A    49 001a2c F495          nop
 A    50              **initialization for Logarithm calculation                                     
 A    51              
 A    52 001a2d F6B6          RSBX    FRCT
 A    53 001a2e F7B8          SSBX    SXM
TMS320C54x Assembler PC v4.2.0 Fri Aug 10 17:04:37 2012

Tools Copyright (c) 1996-2008 Texas Instruments Incorporated
log_10.abs                                                           PAGE    2

 A    54 001a2f 7605          ST      #04000h,CST_4000
         001a30 4000 
 A    55 001a31 7606          ST      #0DC56h,LB6
         001a32 DC56 
 A    56 001a33 7607          ST      #54adh,LB5
         001a34 54AD 
 A    57 001a35 7608          ST      #9e8ah,LB4
         001a36 9E8A 
 A    58 001a37 7609          ST      #50d5h,LB3
         001a38 50D5 
 A    59 001a39 760A          ST      #0c056h,LB2
         001a3a C056 
 A    60 001a3b 760B          ST      #3ffdh,LB1
         001a3c 3FFD 
 A    61 001a3d 760C          ST      #062dh,LB0
         001a3e 062D 
 A    62 001a3f 760E          ST      #58B9h,CST_ln2          
         001a40 58B9 
 A    63 001a41 760D          ST      #1h,CST_1
         001a42 0001 
 A    64 001a43 8000          STL     A, x_ptr
 A    65              
 A    66 001a44 1013          LD      *SP(19), A
 A    67 001a45 F010          SUB     #1,A
         001a46 0001 
 A    68 001a47 881A          STLM    A,BRC      
 A    69 001a48 7112          MVDK    y_ptr, *(AR4)
         001a49 0014 
 A    70 001a4a 7100          MVDK    x_ptr, *(AR3)
         001a4b 0013 
 A    71              
 A    72 001a4c F072          RPTB    endlog
         001a4d 1A7C+
 A    73              **************
 A    74              * Normalize x
 A    75              **************
 A    76              
 A    77 001a4e 4493          LD              *AR3+,16,A              ; A = x<<16
 A    78 001a4f F48E          EXP             A               ; T = number of leading bits
 A    79 001a50 8C01          ST              T,Exp           ; Exp = number of leading bits
 A    80 001a51 F48F          NORM    A                       ; A = A<<T
 A    81 001a52 8202          STH             A,Mant          ; Mant = M (between 0.5 and 1.0)
 A    82              
 A    83              ***************************
 A    84              * Polynomial approximation 
 A    85              ***************************
 A    86                 
 A    87 001a53 4818          LDM             SP, A
 A    88 001a54 F000          ADD             #5, A
         001a55 0005 
 A    89 001a56 8812          STLM            A, AR2  
 A    90                      ;STM            #CST_4000,AR2
 A    91 001a57 6F02          LD              Mant,1,A        ; A <- 2*M  
         001a58 0C41 
 A    92 001a59 9281          SUB             *AR2+,1,A       ; A <- (2*M-1) Q15 
TMS320C54x Assembler PC v4.2.0 Fri Aug 10 17:04:37 2012

Tools Copyright (c) 1996-2008 Texas Instruments Incorporated
log_10.abs                                                           PAGE    3

 A    93 001a5a 880E          STLM            A,T             ; U <- (2*M-1) Q15 (between 0.0 and 1.0)           
 A    94 001a5b 4492          LD              *AR2+,16,A
 A    95 001a5c 4592          LD              *AR2+,16,B 
 A    96 001a5d 3692          POLY            *AR2+           ; A(32-16) <- B6*U + B5
 A    97                                                      ; Q34 + Q18<<16 = Q34                           
 A    98 001a5e 3692          POLY            *AR2+           ; A <- (B6*U + B5)*U + B4
 A    99                                                      ; Q33 + Q17<<16 = Q33                                   
 A   100 001a5f 3692          POLY            *AR2+           ; A <- ((B6*U + B5)*U + B4)*U + B3
 A   101                                                      ; Q32 + Q16<<16 = Q32                                                
 A   102 001a60 3692          POLY            *AR2+           ;  A <- (((B6*U + B5)*U + B4)*U + B3)*U + B2
 A   103                                                      ; Q31 + Q15<<16 = Q31                                                
 A   104 001a61 3682          POLY            *AR2            ; A <- ((((B6*U + B5)*U + B4)*U + B3)*U + B2)*U + 
 A   105                                                      ; B1
 A   106                                                      ; Q30 + Q14<<16 = Q30                                                
 A   107 001a62 F461          SFTA            A,1,A           ; Q14<<1 = Q15 (accumulator high)       
 A   108 001a63 F48C          MPYA            A                                                                               
 A   109 001a64 0092          ADD             *AR2+,A         ; A <- (((((B6*U + B5)*U + B4)*U + B3)*U + B2)*U + 
 A   110                                                      ; B1)*U + B0
 A   111                                                      ; Q30 + Q30 = Q30                                               
 A   112 001a65 6F04          STH             A,1,Temp        ; Temp <- (((((B6*U + B5)*U + B4)*U + B3)*U + B2)*U  + B1)*U + B0
         001a66 0C61 
 A   113                                                      ; = f(2*M-1)
 A   114                                                      ; Q14<<1 = Q15 (accumulator high)                                    
 A   115              *******************
 A   116              * Process exponent
 A   117              *******************
 A   118              
 A   119 001a67 1001          LD              Exp,A           ; A <- number of leading bits
 A   120 001a68 F484          NEG             A               ; A <- exponent = P
 A   121 001a69 0892          SUB             *AR2+,A         ; A <- P-1                
 A   122 001a6a 880E          STLM            A,T             ; T <- P-1
 A   123 001a6b 2082          MPY             *AR2,A          ; A <- (P-1)*ln(2)
 A   124                                                      ; Q0*Q15 = Q15
 A   125                                                
 A   126              *************************
 A   127              * Add both contributions
 A   128              *************************
 A   129              
 A   130 001a6c 0004          ADD             Temp,A          ; A <- f(2*M(x)-1) + (P(x)-1)*ln(2)
 A   131 001a6d F540          LD              A, B
 A   132 001a6e F330          AND             #7FFFh, B
         001a6f 7FFF 
 A   133 001a70 8184          STL             B, *AR4
 A   134 001a71 770E          STM             #03797h, T
         001a72 3797 
 A   135 001a73 F7B6          SSBX            FRCT
 A   136 001a74 F495          nop
 A   137 001a75 F461          SFTA            A, 1
 A   138 001a76 F48C          MPYA            A
 A   139 001a77 2184          MPY             *AR4, B
 A   140 001a78 F47F          SFTA            A, -1
 A   141 001a79 F770          SFTA            B, -16
 A   142 001a7a F600          ADD             B, A
 A   143 001a7b 4E94          DST             A, *AR4+
 A   144 001a7c F6B6  endlog  RSBX            FRCT
TMS320C54x Assembler PC v4.2.0 Fri Aug 10 17:04:37 2012

Tools Copyright (c) 1996-2008 Texas Instruments Incorporated
log_10.abs                                                           PAGE    4

 A   145              
 A   146              ************************
 A   147              * Return overflow flag
 A   148              ************************
 A   149              
 A   150 001a7d EE0F          FRAME           #15
 A   151 001a7e E800          LD              #0,A
 A   152 001a7f FD70          XC              1,AOV
 A   153 001a80 E801          LD              #1,A
 A   154 001a81 8A07          POPM    ST1
 A   155 001a82 8A06          POPM    ST0
 A   156              
 A   157 001a83 FC00          RET                                      ; 5 cycles
 A   158              
 A   159              ;end of file. please do not remove. it is left here to ensure that no lines of code are removed by any editor

No Assembly Errors, No Assembly Warnings
TMS320C54x Assembler PC v4.2.0 Fri Aug 10 17:04:37 2012

Tools Copyright (c) 1996-2008 Texas Instruments Incorporated
log_10.abs                                                           PAGE    5

LABEL                                VALUE       DEFN    REF

.TMS320C540                         000000          0 
.TMS320C541                         000000          0 
.TMS320C541A                        000000          0 
.TMS320C542                         000001          0 
.TMS320C543                         000000          0 
.TMS320C544                         000000          0 
.TMS320C545                         000000          0 
.TMS320C545LP                       000000          0 
.TMS320C546                         000000          0 
.TMS320C546LP                       000000          0 
.TMS320C548                         000000          0 
.TMS320C549                         000000          0 
__TI_ASSEMBLER_VERSION__            3d10d0          0 
__far_mode                          000000          0 
__lflags                            000000          0 
__no_fret                           000000          0 
__stores_bug                        000000          0 
_log_10                             001a26+     A  41  A  36 
endlog                              001a7c+     A 144  A  72 
