TMS320C54x Assembler PC v4.2.0 Tue Jun 12 15:28:53 2012

Tools Copyright (c) 1996-2008 Texas Instruments Incorporated
sdsm.abs                                                             PAGE    1

      55 000000                 .text
      56                        .copy       "sdsm.asm"
 A     1              ****
 A     2              * Double-precision square magnitude function by Micah P. Dombrowski
 A     3              * 
 A     4              * Reads n Q.31 numbers arrayed as R[0], I[0], R[1], I[1], ..., R[n-1], I[n-1]
 A     5              * outputs MSB half of R[0]^2+I[0]^2, R[1]^2+I[1]^2, ..., R[n-1]^2+I[n-1]^2
 A     6              * output fills first half of input region
 A     7              ****
 A     8              
 A     9              * Inputs: data address in A, number of R/I pairs in B
 A    10              
 A    11              * History
 A    12              * 
 A    13              * v1.0  12 June 2012    Extracted to separate asm file, set up as a CALLable function.
 A    14              *
 A    15              
 A    16                      .mmregs
 A    17                      .def    _sqmag
 A    18 0018a3               .sect   .sdsm_p
 A    19 0018a3       _sqmag
 A    20              
 A    21 0018a3 4A07          pshm    ST1
 A    22 0018a4 F7B8          ssbx    SXM
 A    23 0018a5 F7B6          ssbx    FRCT
 A    24 0018a6 F7B9          ssbx    OVM
 A    25 0018a7 F6B7          rsbx    C16
 A    26 0018a8 F495          nop
 A    27 0018a9 F495          nop
 A    28                      
 A    29              ; Double-precision square magnitude, saving MSB half of result.
 A    30              
 A    31 0018aa 770E          stm             #0, T   ; Multiplication Temp register (for mpy)
         0018ab 0000 
 A    32 0018ac 7719          stm             #0, BK  ; Circuluar addressing modulus (do not want)
         0018ad 0000 
 A    33 0018ae F310          sub             #1, B
         0018af 0001 
 A    34 0018b0 891A          stlm    B, BRC
 A    35 0018b1 7710          stm             #2, AR0         ; Increment (jump to next 32-bit datum)
         0018b2 0002 
 A    36 0018b3 8812          stlm    A, AR2          ; Load index
 A    37 0018b4 8814          stlm    A, AR4          ; Storage index
 A    38 0018b5 F072          rptb    sqmag_loop - 1
         0018b6 18BF+
 A    39                      
 A    40 0018b7 5692          dld             *AR2+, A
 A    41 0018b8 F58D          squr    A, B
 A    42 0018b9 F583      sat         B
 A    43                      
 A    44 0018ba 5692          dld             *AR2+, A
 A    45 0018bb F48D          squr    A, A
 A    46 0018bc F483      sat         A
 A    47                      
 A    48 0018bd F600      add         B, A            ; a += b == R^2 + I^2
TMS320C54x Assembler PC v4.2.0 Tue Jun 12 15:28:53 2012

Tools Copyright (c) 1996-2008 Texas Instruments Incorporated
sdsm.abs                                                             PAGE    2

 A    49 0018be F483      sat         A
 A    50 0018bf 8094          stl             A, *AR4+        ; (1)
 A    51                      
 A    52 0018c0       sqmag_loop:
 A    53              
 A    54 0018c0 8A07          popm    ST1
 A    55                      
 A    56 0018c1 FE00          retd
 A    57 0018c2 F495          nop
 A    58 0018c3 F495          nop

No Assembly Errors, No Assembly Warnings
TMS320C54x Assembler PC v4.2.0 Tue Jun 12 15:28:53 2012

Tools Copyright (c) 1996-2008 Texas Instruments Incorporated
sdsm.abs                                                             PAGE    3

LABEL                                VALUE       DEFN    REF

.TMS320C540                         000000          0 
.TMS320C541                         000000          0 
.TMS320C541A                        000000          0 
.TMS320C542                         000001          0 
.TMS320C543                         000000          0 
.TMS320C544                         000000          0 
.TMS320C545                         000000          0 
.TMS320C545LP                       000000          0 
.TMS320C546                         000000          0 
.TMS320C546LP                       000000          0 
.TMS320C548                         000000          0 
.TMS320C549                         000000          0 
__TI_ASSEMBLER_VERSION__            3d10d0          0 
__far_mode                          000000          0 
__lflags                            000000          0 
__no_fret                           000000          0 
__stores_bug                        000000          0 
_sqmag                              0018a3+     A  19  A  17 
sqmag_loop                          0018c0+     A  52  A  38 
