TMS320C54x Assembler PC v4.2.0 Fri Aug 10 17:04:36 2012

Tools Copyright (c) 1996-2008 Texas Instruments Incorporated
tablemax.abs                                                         PAGE    1

      70 000000                 .text
      71                        .copy       "tablemax.asm"
 A     1              ****
 A     2              * Frequency selection and averaging function by Nathan Utterback and Micah P. Dombrowski
 A     3              * 
 A     4              * Normalizes each 32-bit value using EXP and NORM, 
 A     5              * saving the shift values for later adjustment post-logarithm,
 A     6              * and cutting to 16-bit output
 A     7              ****
 A     8              
 A     9              * Inputs: start address of data Acc,
 A    10              *                 output address in Bcc
 A    11              
 A    12              * History
 A    13              * 
 A    14              * v1.0  9 Aug 2012      Averaging implemented
 A    15              * v1.0  8 Aug 2012      Copied from tabletransfer.asm
 A    16              *
 A    17              
 A    18        0003  avg_shift_val   .set    3       ; bits to right shift by after summing
 A    19              
 A    20                      .mmregs
 A    21                      .def    transfer, transfer_table_sz
 A    22 001917               .sect   .transfer_p
 A    23              
 A    24 000146               .bss    Delta,1,0,0  ; storage for repeat counter
 A    25 000147               .bss    nShift,1,0,0 ; storage for shift value
 A    26              
 A    27 001917       transfer:
 A    28              
 A    29 001917 4A06          pshm    ST0
 A    30 001918 4A07          pshm    ST1
 A    31              
 A    32 001919 4A16          pshm    AR6
 A    33                      
 A    34 00191a 8812          stlm    A, AR2
 A    35 00191b 8913          stlm    B, AR3
 A    36 00191c 7715          stm             transfer_table_start, AR5       ; load the start of the table into memory
         00191d 1937+
 A    37 00191e 7710          stm             transfer_table_end-1, AR0
         00191f 199E+
 A    38              
 A    39                      
 A    40 001920       transfer_sum_loop:
 A    41              
 A    42 001920 4812          ldm             AR2, A          ; load base address
 A    43 001921 0095          add             *AR5+, A        ; add offset from table, inc
 A    44 001922 8814          stlm    A, AR4          ; store
 A    45                      
 A    46 001923 108D          ld              *AR5-, A        ; load next offset, dec
 A    47 001924 0895          sub             *AR5+, A        ; subtract current offset to get delta, inc
 A    48 001925 F010          sub             #1, A
         001926 0001 
 A    49 001927 881A          stlm    A, BRC  ; store delta-1 for rpt
 A    50                      
TMS320C54x Assembler PC v4.2.0 Fri Aug 10 17:04:36 2012

Tools Copyright (c) 1996-2008 Texas Instruments Incorporated
tablemax.abs                                                         PAGE    2

 A    51 001928 E900          ld              #0, B
 A    52 001929 F072          rptb    max_loop - 1
         00192a 192C+
 A    53                      
 A    54 00192b 1094          ld              *AR4+, A
 A    55 00192c F586          max             B
 A    56                      
 A    57 00192d       max_loop:
 A    58                              
 A    59 00192d 8193          stl             B, *AR3+        ; save
 A    60                      
 A    61 00192e F5AD          cmpr    LT, AR5
 A    62 00192f F830          bc              transfer_sum_loop, TC   ; loop until we finish the table
         001930 1920+
 A    63              
 A    64              
 A    65 001931 8A16          popm    AR6
 A    66              
 A    67 001932 8A07          popm    ST1
 A    68 001933 8A06          popm    ST0
 A    69                                      
 A    70 001934 FE00          retd
 A    71 001935 F495          nop
 A    72 001936 F495          nop
 A    73                      
 A    74 001937       transfer_table_start:
 A    75 001937 0019          .word   25, 33, 41, 49, 57, 65, 73, 81, 89, 97, 105
         001938 0021 
         001939 0029 
         00193a 0031 
         00193b 0039 
         00193c 0041 
         00193d 0049 
         00193e 0051 
         00193f 0059 
         001940 0061 
         001941 0069 
 A    76              
 A    77 001942 0071          .word   113, 114, 115, 116, 117, 118, 119, 120, 121, 122, 123, 124, 125, 126, 127, 128, 129, 130 
         001943 0072 
         001944 0073 
         001945 0074 
         001946 0075 
         001947 0076 
         001948 0077 
         001949 0078 
         00194a 0079 
         00194b 007A 
         00194c 007B 
         00194d 007C 
         00194e 007D 
         00194f 007E 
         001950 007F 
         001951 0080 
         001952 0081 
TMS320C54x Assembler PC v4.2.0 Fri Aug 10 17:04:36 2012

Tools Copyright (c) 1996-2008 Texas Instruments Incorporated
tablemax.abs                                                         PAGE    3

         001953 0082 
 A    78 001954 0083          .word   131, 132, 133, 134, 135, 136, 137, 138, 139, 140, 141, 142, 143, 144, 145, 146, 147, 148
         001955 0084 
         001956 0085 
         001957 0086 
         001958 0087 
         001959 0088 
         00195a 0089 
         00195b 008A 
         00195c 008B 
         00195d 008C 
         00195e 008D 
         00195f 008E 
         001960 008F 
         001961 0090 
         001962 0091 
         001963 0092 
         001964 0093 
         001965 0094 
 A    79 001966 0095          .word   149, 150, 151, 152, 153, 154, 155, 156, 157, 158, 159, 160, 161, 162, 163, 164, 165
         001967 0096 
         001968 0097 
         001969 0098 
         00196a 0099 
         00196b 009A 
         00196c 009B 
         00196d 009C 
         00196e 009D 
         00196f 009E 
         001970 009F 
         001971 00A0 
         001972 00A1 
         001973 00A2 
         001974 00A3 
         001975 00A4 
         001976 00A5 
 A    80              
 A    81 001977 00A6          .word   166, 174, 182, 190, 198, 206, 214, 222, 230, 238, 246, 254, 262, 270, 278, 286, 294, 302 
         001978 00AE 
         001979 00B6 
         00197a 00BE 
         00197b 00C6 
         00197c 00CE 
         00197d 00D6 
         00197e 00DE 
         00197f 00E6 
         001980 00EE 
         001981 00F6 
         001982 00FE 
         001983 0106 
         001984 010E 
         001985 0116 
         001986 011E 
         001987 0126 
         001988 012E 
TMS320C54x Assembler PC v4.2.0 Fri Aug 10 17:04:36 2012

Tools Copyright (c) 1996-2008 Texas Instruments Incorporated
tablemax.abs                                                         PAGE    4

 A    82 001989 0136          .word   310, 318, 326, 334, 342, 350, 358, 366, 374, 382, 390, 398, 406, 414, 422, 430, 438, 446
         00198a 013E 
         00198b 0146 
         00198c 014E 
         00198d 0156 
         00198e 015E 
         00198f 0166 
         001990 016E 
         001991 0176 
         001992 017E 
         001993 0186 
         001994 018E 
         001995 0196 
         001996 019E 
         001997 01A6 
         001998 01AE 
         001999 01B6 
         00199a 01BE 
 A    83 00199b 01C6          .word   454, 462, 470, 478
         00199c 01CE 
         00199d 01D6 
         00199e 01DE 
 A    84 00199f       transfer_table_end:
 A    85              
 A    86        0068  transfer_table_sz       .set    transfer_table_end-transfer_table_start

No Assembly Errors, No Assembly Warnings
TMS320C54x Assembler PC v4.2.0 Fri Aug 10 17:04:36 2012

Tools Copyright (c) 1996-2008 Texas Instruments Incorporated
tablemax.abs                                                         PAGE    5

LABEL                                VALUE       DEFN    REF

.TMS320C540                         000000          0 
.TMS320C541                         000000          0 
.TMS320C541A                        000000          0 
.TMS320C542                         000001          0 
.TMS320C543                         000000          0 
.TMS320C544                         000000          0 
.TMS320C545                         000000          0 
.TMS320C545LP                       000000          0 
.TMS320C546                         000000          0 
.TMS320C546LP                       000000          0 
.TMS320C548                         000000          0 
.TMS320C549                         000000          0 
Delta                               000146-     A  24 
__TI_ASSEMBLER_VERSION__            3d10d0          0 
__far_mode                          000000          0 
__lflags                            000000          0 
__no_fret                           000000          0 
__stores_bug                        000000          0 
avg_shift_val                       000003      A  18 
max_loop                            00192d+     A  57  A  52 
nShift                              000147-     A  25 
transfer                            001917+     A  27  A  21 
transfer_sum_loop                   001920+     A  40  A  62 
transfer_table_end                  00199f+     A  84  A  37  A  86 
transfer_table_start                001937+     A  74  A  36  A  86 
transfer_table_sz                   000068      A  86  A  21 
